<?xml version="1.0" encoding="UTF-8"?>
<testng-results ignored="0" total="1" passed="1" failed="0" skipped="0">
  <reporter-output>
  </reporter-output>
  <suite started-at="2023-04-11T12:02:57 IST" name="Default suite" finished-at="2023-04-11T12:03:01 IST" duration-ms="3619">
    <groups>
    </groups>
    <test started-at="2023-04-11T12:02:57 IST" name="Default test" finished-at="2023-04-11T12:03:01 IST" duration-ms="3619">
      <class name="collectionReqres.Reqres">
        <test-method signature="listUsers()[pri:0, instance:collectionReqres.Reqres@3b6ddd1d]" started-at="2023-04-11T12:02:57 IST" name="listUsers" finished-at="2023-04-11T12:03:01 IST" duration-ms="3542" status="PASS">
          <reporter-output>
          </reporter-output>
        </test-method> <!-- listUsers -->
      </class> <!-- collectionReqres.Reqres -->
    </test> <!-- Default test -->
  </suite> <!-- Default suite -->
</testng-results>
